Determining if the pthread_create exist failed with the following output:
Change Dir: /home/holy/HOly/holy/src/build-holy-Desktop-Default/CMakeFiles/CMakeTmp

Run Build Command:/usr/bin/make "cmTryCompileExec2168523960/fast"
/usr/bin/make -f CMakeFiles/cmTryCompileExec2168523960.dir/build.make CMakeFiles/cmTryCompileExec2168523960.dir/build
make[1]: Entering directory `/home/holy/HOly/holy/src/build-holy-Desktop-Default/CMakeFiles/CMakeTmp'
/usr/bin/cmake -E cmake_progress_report /home/holy/HOly/holy/src/build-holy-Desktop-Default/CMakeFiles/CMakeTmp/CMakeFiles 1
Building C object CMakeFiles/cmTryCompileExec2168523960.dir/CheckSymbolExists.c.o
/usr/bin/cc    -o CMakeFiles/cmTryCompileExec2168523960.dir/CheckSymbolExists.c.o   -c /home/holy/HOly/holy/src/build-holy-Desktop-Default/CMakeFiles/CMakeTmp/CheckSymbolExists.c
Linking C executable cmTryCompileExec2168523960
/usr/bin/cmake -E cmake_link_script CMakeFiles/cmTryCompileExec2168523960.dir/link.txt --verbose=1
/usr/bin/cc       CMakeFiles/cmTryCompileExec2168523960.dir/CheckSymbolExists.c.o  -o cmTryCompileExec2168523960 -rdynamic 
CMakeFiles/cmTryCompileExec2168523960.dir/CheckSymbolExists.c.o: In function `main':
CheckSymbolExists.c:(.text+0xa): undefined reference to `pthread_create'
collect2: error: ld returned 1 exit status
make[1]: *** [cmTryCompileExec2168523960] Error 1
make[1]: Leaving directory `/home/holy/HOly/holy/src/build-holy-Desktop-Default/CMakeFiles/CMakeTmp'
make: *** [cmTryCompileExec2168523960/fast] Error 2

File /home/holy/HOly/holy/src/build-holy-Desktop-Default/CMakeFiles/CMakeTmp/CheckSymbolExists.c:
/* */
#include <pthread.h>

int main(int argc, char** argv)
{
  (void)argv;
#ifndef pthread_create
  return ((int*)(&pthread_create))[argc];
#else
  (void)argc;
  return 0;
#endif
}

Determining if the function pthread_create exists in the pthreads failed with the following output:
Change Dir: /home/holy/HOly/holy/src/build-holy-Desktop-Default/CMakeFiles/CMakeTmp

Run Build Command:/usr/bin/make "cmTryCompileExec317179773/fast"
/usr/bin/make -f CMakeFiles/cmTryCompileExec317179773.dir/build.make CMakeFiles/cmTryCompileExec317179773.dir/build
make[1]: Entering directory `/home/holy/HOly/holy/src/build-holy-Desktop-Default/CMakeFiles/CMakeTmp'
/usr/bin/cmake -E cmake_progress_report /home/holy/HOly/holy/src/build-holy-Desktop-Default/CMakeFiles/CMakeTmp/CMakeFiles 1
Building C object CMakeFiles/cmTryCompileExec317179773.dir/CheckFunctionExists.c.o
/usr/bin/cc   -DCHECK_FUNCTION_EXISTS=pthread_create   -o CMakeFiles/cmTryCompileExec317179773.dir/CheckFunctionExists.c.o   -c /usr/share/cmake-2.8/Modules/CheckFunctionExists.c
Linking C executable cmTryCompileExec317179773
/usr/bin/cmake -E cmake_link_script CMakeFiles/cmTryCompileExec317179773.dir/link.txt --verbose=1
/usr/bin/cc   -DCHECK_FUNCTION_EXISTS=pthread_create    CMakeFiles/cmTryCompileExec317179773.dir/CheckFunctionExists.c.o  -o cmTryCompileExec317179773 -rdynamic -lpthreads 
/usr/bin/ld: cannot find -lpthreads
collect2: error: ld returned 1 exit status
make[1]: *** [cmTryCompileExec317179773] Error 1
make[1]: Leaving directory `/home/holy/HOly/holy/src/build-holy-Desktop-Default/CMakeFiles/CMakeTmp'
make: *** [cmTryCompileExec317179773/fast] Error 2


